<?xml version="1.0" encoding="UTF-8"?>
<testsuite xmlns:xsi="http://www.w3.org/2001/XMLSchema-instance" xsi:noNamespaceSchemaLocation="https://maven.apache.org/surefire/maven-surefire-plugin/xsd/surefire-test-report-3.0.xsd" version="3.0" name="com.redbus.app.AppApplicationTests" time="13.856" tests="1" errors="0" skipped="0" failures="0">
  <properties>
[...]
</properties>
  <testcase name="contextLoads" classname="com.redbus.app.AppApplicationTests" time="1.089">
    <system-out><![CDATA[15:34:37.591 [main] INFO org.springframework.test.context.support.AnnotationConfigContextLoaderUtils -- Could not detect default configuration classes for test class [com.redbus.app.AppApplicationTests]: AppApplicationTests does not declare any static, non-private, non-final, nested classes annotated with @Configuration.
15:34:37.809 [main] INFO org.springframework.boot.test.context.SpringBootTestContextBootstrapper -- Found @SpringBootConfiguration com.redbus.app.AppApplication for test class com.redbus.app.AppApplicationTests

  .   ____          _            __ _ _
 /\\ / ___'_ __ _ _(_)_ __  __ _ \ \ \ \
( ( )\___ | '_ | '_| | '_ \/ _` | \ \ \ \
 \\/  ___)| |_)| | | | | || (_| |  ) ) ) )
  '  |____| .__|_| |_|_| |_\__, | / / / /
 =========|_|==============|___/=/_/_/_/
 :: Spring Boot ::                (v3.2.9)

2024-08-31T15:34:38.810+05:30  WARN 8808 --- [myService] [           main] ory$DuplicateJsonObjectContextCustomizer : 

Found multiple occurrences of org.json.JSONObject on the class path:

	jar:file:/C:/Users/yaswa/.m2/repository/org/json/json/20240303/json-20240303.jar!/org/json/JSONObject.class
	jar:file:/C:/Users/yaswa/.m2/repository/com/vaadin/external/google/android-json/0.0.20131108.vaadin1/android-json-0.0.20131108.vaadin1.jar!/org/json/JSONObject.class

You may wish to exclude one of them to ensure predictable runtime behavior

2024-08-31T15:34:38.876+05:30  INFO 8808 --- [myService] [           main] com.redbus.app.AppApplicationTests       : Starting AppApplicationTests using Java 17.0.9 with PID 8808 (started by yaswa in C:\Users\yaswa\Documents\app\app)
2024-08-31T15:34:38.878+05:30  INFO 8808 --- [myService] [           main] com.redbus.app.AppApplicationTests       : No active profile set, falling back to 1 default profile: "default"
2024-08-31T15:34:40.349+05:30  INFO 8808 --- [myService] [           main] .s.d.r.c.RepositoryConfigurationDelegate : Bootstrapping Spring Data JPA repositories in DEFAULT mode.
2024-08-31T15:34:40.741+05:30  INFO 8808 --- [myService] [           main] .s.d.r.c.RepositoryConfigurationDelegate : Finished Spring Data repository scanning in 367 ms. Found 4 JPA repository interfaces.
2024-08-31T15:34:41.269+05:30  INFO 8808 --- [myService] [           main] o.s.cloud.context.scope.GenericScope     : BeanFactory id=b5c41945-1cf5-32c7-83a3-52d45fe65227
2024-08-31T15:34:41.583+05:30  WARN 8808 --- [myService] [           main] trationDelegate$BeanPostProcessorChecker : Bean 'org.springframework.cloud.client.loadbalancer.LoadBalancerAutoConfiguration$DeferringLoadBalancerInterceptorConfig' of type [org.springframework.cloud.client.loadbalancer.LoadBalancerAutoConfiguration$DeferringLoadBalancerInterceptorConfig] is not eligible for getting processed by all BeanPostProcessors (for example: not eligible for auto-proxying). The currently created BeanPostProcessor [lbRestClientPostProcessor] is declared through a non-static factory method on that class; consider declaring it as static instead.
2024-08-31T15:34:41.588+05:30  WARN 8808 --- [myService] [           main] trationDelegate$BeanPostProcessorChecker : Bean 'deferringLoadBalancerInterceptor' of type [org.springframework.cloud.client.loadbalancer.DeferringLoadBalancerInterceptor] is not eligible for getting processed by all BeanPostProcessors (for example: not eligible for auto-proxying). Is this bean getting eagerly injected into a currently created BeanPostProcessor [lbRestClientPostProcessor]? Check the corresponding BeanPostProcessor declaration and its dependencies.
2024-08-31T15:34:41.904+05:30  INFO 8808 --- [myService] [           main] o.hibernate.jpa.internal.util.LogHelper  : HHH000204: Processing PersistenceUnitInfo [name: default]
2024-08-31T15:34:42.079+05:30  INFO 8808 --- [myService] [           main] org.hibernate.Version                    : HHH000412: Hibernate ORM core version 6.4.10.Final
2024-08-31T15:34:42.166+05:30  INFO 8808 --- [myService] [           main] o.h.c.internal.RegionFactoryInitiator    : HHH000026: Second-level cache disabled
2024-08-31T15:34:42.795+05:30  INFO 8808 --- [myService] [           main] o.s.o.j.p.SpringPersistenceUnitInfo      : No LoadTimeWeaver setup: ignoring JPA class transformer
2024-08-31T15:34:42.859+05:30  INFO 8808 --- [myService] [           main] com.zaxxer.hikari.HikariDataSource       : HikariPool-1 - Starting...
2024-08-31T15:34:43.613+05:30  INFO 8808 --- [myService] [           main] com.zaxxer.hikari.pool.HikariPool        : HikariPool-1 - Added connection com.mysql.cj.jdbc.ConnectionImpl@5f5a33ed
2024-08-31T15:34:43.618+05:30  INFO 8808 --- [myService] [           main] com.zaxxer.hikari.HikariDataSource       : HikariPool-1 - Start completed.
2024-08-31T15:34:44.292+05:30  INFO 8808 --- [myService] [           main] o.hibernate.id.enhanced.TableGenerator   : HHH000398: Explicit segment value for id generator [hibernate_sequences.sequence_name] suggested; using default [default]
2024-08-31T15:34:45.164+05:30  INFO 8808 --- [myService] [           main] o.h.m.i.EntityInstantiatorPojoStandard   : HHH000182: No default (no-argument) constructor for class: com.redbus.app.Bus.Bus (class must be instantiated by Interceptor)
2024-08-31T15:34:45.185+05:30  INFO 8808 --- [myService] [           main] o.h.m.i.EntityInstantiatorPojoStandard   : HHH000182: No default (no-argument) constructor for class: com.redbus.app.Seats.Seat (class must be instantiated by Interceptor)
2024-08-31T15:34:45.211+05:30  INFO 8808 --- [myService] [           main] o.h.m.i.EntityInstantiatorPojoStandard   : HHH000182: No default (no-argument) constructor for class: com.redbus.app.Bus.BusShort (class must be instantiated by Interceptor)
2024-08-31T15:34:45.232+05:30  INFO 8808 --- [myService] [           main] o.h.m.i.EntityInstantiatorPojoStandard   : HHH000182: No default (no-argument) constructor for class: com.redbus.app.CodeResources.BookingQueue (class must be instantiated by Interceptor)
2024-08-31T15:34:45.453+05:30  INFO 8808 --- [myService] [           main] o.h.e.t.j.p.i.JtaPlatformInitiator       : HHH000489: No JTA platform available (set 'hibernate.transaction.jta.platform' to enable JTA platform integration)
2024-08-31T15:34:45.627+05:30  INFO 8808 --- [myService] [           main] j.LocalContainerEntityManagerFactoryBean : Initialized JPA EntityManagerFactory for persistence unit 'default'
2024-08-31T15:34:46.074+05:30  INFO 8808 --- [myService] [           main] o.s.d.j.r.query.QueryEnhancerFactory     : Hibernate is in classpath; If applicable, HQL parser will be used.
2024-08-31T15:34:46.489+05:30  WARN 8808 --- [myService] [           main] JpaBaseConfiguration$JpaWebConfiguration : spring.jpa.open-in-view is enabled by default. Therefore, database queries may be performed during view rendering. Explicitly configure spring.jpa.open-in-view to disable this warning
2024-08-31T15:34:47.645+05:30  INFO 8808 --- [myService] [           main] DiscoveryClientOptionalArgsConfiguration : Eureka HTTP Client uses RestTemplate.
2024-08-31T15:34:47.709+05:30  WARN 8808 --- [myService] [           main] iguration$LoadBalancerCaffeineWarnLogger : Spring Cloud LoadBalancer is currently working with the default cache. While this cache implementation is useful for development and tests, it's recommended to use Caffeine cache in production.You can switch to using Caffeine cache, by adding it and org.springframework.cache.caffeine.CaffeineCacheManager to the classpath.
2024-08-31T15:34:47.747+05:30  INFO 8808 --- [myService] [           main] o.s.c.n.eureka.InstanceInfoFactory       : Setting initial instance status as: STARTING
2024-08-31T15:34:47.810+05:30  INFO 8808 --- [myService] [           main] com.netflix.discovery.DiscoveryClient    : Initializing Eureka in region us-east-1
2024-08-31T15:34:47.821+05:30  INFO 8808 --- [myService] [           main] c.n.d.s.r.aws.ConfigClusterResolver      : Resolving eureka endpoints via configuration
2024-08-31T15:34:47.847+05:30  INFO 8808 --- [myService] [           main] com.netflix.discovery.DiscoveryClient    : Disable delta property : false
2024-08-31T15:34:47.847+05:30  INFO 8808 --- [myService] [           main] com.netflix.discovery.DiscoveryClient    : Single vip registry refresh property : null
2024-08-31T15:34:47.847+05:30  INFO 8808 --- [myService] [           main] com.netflix.discovery.DiscoveryClient    : Force full registry fetch : false
2024-08-31T15:34:47.848+05:30  INFO 8808 --- [myService] [           main] com.netflix.discovery.DiscoveryClient    : Application is null : false
2024-08-31T15:34:47.848+05:30  INFO 8808 --- [myService] [           main] com.netflix.discovery.DiscoveryClient    : Registered Applications size is zero : true
2024-08-31T15:34:47.848+05:30  INFO 8808 --- [myService] [           main] com.netflix.discovery.DiscoveryClient    : Application version is -1: true
2024-08-31T15:34:47.848+05:30  INFO 8808 --- [myService] [           main] com.netflix.discovery.DiscoveryClient    : Getting all instance registry info from the eureka server
2024-08-31T15:34:49.865+05:30  INFO 8808 --- [myService] [           main] com.netflix.discovery.DiscoveryClient    : The response status is 200
2024-08-31T15:34:49.868+05:30  INFO 8808 --- [myService] [           main] com.netflix.discovery.DiscoveryClient    : Starting heartbeat executor: renew interval is: 30
2024-08-31T15:34:49.871+05:30  INFO 8808 --- [myService] [           main] c.n.discovery.InstanceInfoReplicator     : InstanceInfoReplicator onDemand update allowed rate per min is 4
2024-08-31T15:34:49.874+05:30  INFO 8808 --- [myService] [           main] com.netflix.discovery.DiscoveryClient    : Discovery Client initialized at timestamp 1725098689872 with initial instances count: 2
2024-08-31T15:34:49.881+05:30  INFO 8808 --- [myService] [           main] o.s.c.n.e.s.EurekaServiceRegistry        : Registering application MYSERVICE with eureka with status UP
2024-08-31T15:34:49.882+05:30  INFO 8808 --- [myService] [           main] com.netflix.discovery.DiscoveryClient    : Saw local status change event StatusChangeEvent [timestamp=1725098689882, current=UP, previous=STARTING]
2024-08-31T15:34:49.885+05:30  INFO 8808 --- [myService] [foReplicator-%d] com.netflix.discovery.DiscoveryClient    : DiscoveryClient_MYSERVICE/yaswanth:myService:8081: registering service...
2024-08-31T15:34:49.902+05:30  INFO 8808 --- [myService] [           main] com.redbus.app.AppApplicationTests       : Started AppApplicationTests in 11.696 seconds (process running for 13.937)
2024-08-31T15:34:50.816+05:30  INFO 8808 --- [myService] [foReplicator-%d] com.netflix.discovery.DiscoveryClient    : DiscoveryClient_MYSERVICE/yaswanth:myService:8081 - registration status: 204
]]></system-out>
  </testcase>
</testsuite>